==========================================================================================
Information: 
Exchange parameters generated by TB2J 0.8.2.1
Generation time: 24/03/13 17:34:00
 Input from collinear Wannier90 data.
 Tight binding data from ./. 
 Prefix of wannier function files:iron_up and iron_dn.
Warning: Please check if the noise level of Wannier function Hamiltonian to make sure it is much smaller than the exchange values.

==========================================================================================
Cell (Angstrom):
1.43499630  1.43499630  1.43499630
-1.43499630  1.43499630  1.43499630
-1.43499630  -1.43499630  1.43499630

==========================================================================================
Atoms:  
(Note: charge and magmoms only count the wannier functions.)
Atom number        x             y             z       w_charge  w_magmom 
Fe1             0.00000000    0.00000000    0.00000000    8.1074   -2.1914
Total                                                     8.1074   -2.1914

==========================================================================================
Orbitals used in decomposition: 
The name of the orbitals for the decomposition: 
Fe1 : ['orb_1', 'orb_2', 'orb_3', 'orb_4', 'orb_5', 'orb_6', 'orb_7', 'orb_8', 'orb_9']

==========================================================================================
Exchange: 
    i      j          R        J_iso(meV)          vector          distance(A) 
----------------------------------------------------------------------------------------
   Fe1   Fe1   ( -1,   0,   0) 49.8070   (-1.435, -1.435, -1.435)  2.485 
J_iso: 49.8070 
----------------------------------------------------------------------------------------
   Fe1   Fe1   ( -1,   1,  -1) 50.2880   (-1.435,  1.435, -1.435)  2.485 
J_iso: 50.2880 
----------------------------------------------------------------------------------------
   Fe1   Fe1   (  0,  -1,   0) -3.1058   ( 1.435, -1.435, -1.435)  2.485 
J_iso: -3.1058 
----------------------------------------------------------------------------------------
   Fe1   Fe1   (  0,   0,  -1) -3.1306   ( 1.435,  1.435, -1.435)  2.485 
J_iso: -3.1306 
----------------------------------------------------------------------------------------
   Fe1   Fe1   (  0,   0,   1) -3.1306   (-1.435, -1.435,  1.435)  2.485 
J_iso: -3.1306 
----------------------------------------------------------------------------------------
   Fe1   Fe1   (  0,   1,   0) -3.1058   (-1.435,  1.435,  1.435)  2.485 
J_iso: -3.1058 
----------------------------------------------------------------------------------------
   Fe1   Fe1   (  1,  -1,   1) 50.2880   ( 1.435, -1.435,  1.435)  2.485 
J_iso: 50.2880 
----------------------------------------------------------------------------------------
   Fe1   Fe1   (  1,   0,   0) 49.8070   ( 1.435,  1.435,  1.435)  2.485 
J_iso: 49.8070 
----------------------------------------------------------------------------------------
   Fe1   Fe1   ( -1,   0,  -1) 193.4054   ( 0.000,  0.000, -2.870)  2.870 
J_iso: 193.4054 
----------------------------------------------------------------------------------------
   Fe1   Fe1   ( -1,   1,   0) 193.6537   (-2.870,  0.000,  0.000)  2.870 
J_iso: 193.6537 
----------------------------------------------------------------------------------------
   Fe1   Fe1   (  0,  -1,   1) -3.2342   ( 0.000, -2.870,  0.000)  2.870 
J_iso: -3.2342 
----------------------------------------------------------------------------------------
   Fe1   Fe1   (  0,   1,  -1) -3.2342   ( 0.000,  2.870,  0.000)  2.870 
J_iso: -3.2342 
----------------------------------------------------------------------------------------
   Fe1   Fe1   (  1,  -1,   0) 193.6537   ( 2.870,  0.000,  0.000)  2.870 
J_iso: 193.6537 
----------------------------------------------------------------------------------------
   Fe1   Fe1   (  1,   0,   1) 193.4054   ( 0.000,  0.000,  2.870)  2.870 
J_iso: 193.4054 
----------------------------------------------------------------------------------------
   Fe1   Fe1   ( -2,   1,  -1) -7.1959   (-2.870,  0.000, -2.870)  4.059 
J_iso: -7.1959 
----------------------------------------------------------------------------------------
   Fe1   Fe1   ( -1,  -1,   0)  9.2512   ( 0.000, -2.870, -2.870)  4.059 
J_iso:  9.2512 
----------------------------------------------------------------------------------------
   Fe1   Fe1   ( -1,   0,   1)  8.3052   (-2.870, -2.870,  0.000)  4.059 
J_iso:  8.3052 
----------------------------------------------------------------------------------------
   Fe1   Fe1   ( -1,   1,  -2)  9.2895   ( 0.000,  2.870, -2.870)  4.059 
J_iso:  9.2895 
----------------------------------------------------------------------------------------
   Fe1   Fe1   ( -1,   2,  -1)  8.4714   (-2.870,  2.870,  0.000)  4.059 
J_iso:  8.4714 
----------------------------------------------------------------------------------------
   Fe1   Fe1   (  0,  -1,  -1) 20.0357   ( 2.870,  0.000, -2.870)  4.059 
J_iso: 20.0357 
----------------------------------------------------------------------------------------
   Fe1   Fe1   (  0,   1,   1) 20.0357   (-2.870,  0.000,  2.870)  4.059 
J_iso: 20.0357 
----------------------------------------------------------------------------------------
   Fe1   Fe1   (  1,  -2,   1)  8.4714   ( 2.870, -2.870,  0.000)  4.059 
J_iso:  8.4714 
----------------------------------------------------------------------------------------
   Fe1   Fe1   (  1,  -1,   2)  9.2895   ( 0.000, -2.870,  2.870)  4.059 
J_iso:  9.2895 
----------------------------------------------------------------------------------------
   Fe1   Fe1   (  1,   0,  -1)  8.3052   ( 2.870,  2.870,  0.000)  4.059 
J_iso:  8.3052 
----------------------------------------------------------------------------------------
   Fe1   Fe1   (  1,   1,   0)  9.2512   ( 0.000,  2.870,  2.870)  4.059 
J_iso:  9.2512 
----------------------------------------------------------------------------------------
   Fe1   Fe1   (  2,  -1,   1) -7.1959   ( 2.870,  0.000,  2.870)  4.059 
J_iso: -7.1959 
----------------------------------------------------------------------------------------
   Fe1   Fe1   ( -2,   0,  -1) -3.0682   (-1.435, -1.435, -4.305)  4.759 
J_iso: -3.0682 
----------------------------------------------------------------------------------------
   Fe1   Fe1   ( -2,   1,  -2) -3.2135   (-1.435,  1.435, -4.305)  4.759 
J_iso: -3.2135 
----------------------------------------------------------------------------------------
   Fe1   Fe1   ( -2,   1,   0) -4.3113   (-4.305, -1.435, -1.435)  4.759 
J_iso: -4.3113 
----------------------------------------------------------------------------------------
   Fe1   Fe1   ( -2,   2,  -1) -3.3210   (-4.305,  1.435, -1.435)  4.759 
J_iso: -3.3210 
----------------------------------------------------------------------------------------
   Fe1   Fe1   ( -1,  -1,  -1) -6.5519   ( 1.435, -1.435, -4.305)  4.759 
J_iso: -6.5519 
----------------------------------------------------------------------------------------
   Fe1   Fe1   ( -1,  -1,   1) -5.7527   (-1.435, -4.305, -1.435)  4.759 
J_iso: -5.7527 
----------------------------------------------------------------------------------------
   Fe1   Fe1   ( -1,   0,  -2) -6.7015   ( 1.435,  1.435, -4.305)  4.759 
J_iso: -6.7015 
----------------------------------------------------------------------------------------
   Fe1   Fe1   ( -1,   1,   1) -6.8602   (-4.305, -1.435,  1.435)  4.759 
J_iso: -6.8602 
----------------------------------------------------------------------------------------
   Fe1   Fe1   ( -1,   2,  -2) -5.6611   (-1.435,  4.305, -1.435)  4.759 
J_iso: -5.6611 
----------------------------------------------------------------------------------------
   Fe1   Fe1   ( -1,   2,   0) -7.6227   (-4.305,  1.435,  1.435)  4.759 
J_iso: -7.6227 
----------------------------------------------------------------------------------------
   Fe1   Fe1   (  0,  -2,   1) -0.9931   ( 1.435, -4.305, -1.435)  4.759 
J_iso: -0.9931 
----------------------------------------------------------------------------------------
   Fe1   Fe1   (  0,  -1,   2) -0.9673   (-1.435, -4.305,  1.435)  4.759 
J_iso: -0.9673 
----------------------------------------------------------------------------------------
   Fe1   Fe1   (  0,   1,  -2) -0.9673   ( 1.435,  4.305, -1.435)  4.759 
J_iso: -0.9673 
----------------------------------------------------------------------------------------
   Fe1   Fe1   (  0,   2,  -1) -0.9931   (-1.435,  4.305,  1.435)  4.759 
J_iso: -0.9931 
----------------------------------------------------------------------------------------
   Fe1   Fe1   (  1,  -2,   0) -7.6227   ( 4.305, -1.435, -1.435)  4.759 
J_iso: -7.6227 
----------------------------------------------------------------------------------------
   Fe1   Fe1   (  1,  -2,   2) -5.6611   ( 1.435, -4.305,  1.435)  4.759 
J_iso: -5.6611 
----------------------------------------------------------------------------------------
   Fe1   Fe1   (  1,  -1,  -1) -6.8602   ( 4.305,  1.435, -1.435)  4.759 
J_iso: -6.8602 
----------------------------------------------------------------------------------------
   Fe1   Fe1   (  1,   0,   2) -6.7015   (-1.435, -1.435,  4.305)  4.759 
J_iso: -6.7015 
----------------------------------------------------------------------------------------
   Fe1   Fe1   (  1,   1,  -1) -5.7527   ( 1.435,  4.305,  1.435)  4.759 
J_iso: -5.7527 
----------------------------------------------------------------------------------------
   Fe1   Fe1   (  1,   1,   1) -6.5519   (-1.435,  1.435,  4.305)  4.759 
J_iso: -6.5519 
----------------------------------------------------------------------------------------
   Fe1   Fe1   (  2,  -2,   1) -3.3210   ( 4.305, -1.435,  1.435)  4.759 
J_iso: -3.3210 
----------------------------------------------------------------------------------------
   Fe1   Fe1   (  2,  -1,   0) -4.3113   ( 4.305,  1.435,  1.435)  4.759 
J_iso: -4.3113 
----------------------------------------------------------------------------------------
   Fe1   Fe1   (  2,  -1,   2) -3.2135   ( 1.435, -1.435,  4.305)  4.759 
J_iso: -3.2135 
----------------------------------------------------------------------------------------
   Fe1   Fe1   (  2,   0,   1) -3.0682   ( 1.435,  1.435,  4.305)  4.759 
J_iso: -3.0682 
----------------------------------------------------------------------------------------
   Fe1   Fe1   ( -2,   0,   0) -23.6287   (-2.870, -2.870, -2.870)  4.971 
J_iso: -23.6287 
----------------------------------------------------------------------------------------
   Fe1   Fe1   ( -2,   2,  -2) -23.8262   (-2.870,  2.870, -2.870)  4.971 
J_iso: -23.8262 
----------------------------------------------------------------------------------------
   Fe1   Fe1   (  0,  -2,   0) -20.7603   ( 2.870, -2.870, -2.870)  4.971 
J_iso: -20.7603 
----------------------------------------------------------------------------------------
   Fe1   Fe1   (  0,   0,  -2) -20.7675   ( 2.870,  2.870, -2.870)  4.971 
J_iso: -20.7675 
----------------------------------------------------------------------------------------
   Fe1   Fe1   (  0,   0,   2) -20.7675   (-2.870, -2.870,  2.870)  4.971 
J_iso: -20.7675 
----------------------------------------------------------------------------------------
   Fe1   Fe1   (  0,   2,   0) -20.7603   (-2.870,  2.870,  2.870)  4.971 
J_iso: -20.7603 
----------------------------------------------------------------------------------------
   Fe1   Fe1   (  2,  -2,   2) -23.8262   ( 2.870, -2.870,  2.870)  4.971 
J_iso: -23.8262 
----------------------------------------------------------------------------------------
   Fe1   Fe1   (  2,   0,   0) -23.6287   ( 2.870,  2.870,  2.870)  4.971 
J_iso: -23.6287 
----------------------------------------------------------------------------------------
   Fe1   Fe1   ( -2,   0,  -2) 20.8515   ( 0.000,  0.000, -5.740)  5.740 
J_iso: 20.8515 
----------------------------------------------------------------------------------------
   Fe1   Fe1   ( -2,   2,   0) 20.7594   (-5.740,  0.000,  0.000)  5.740 
J_iso: 20.7594 
----------------------------------------------------------------------------------------
   Fe1   Fe1   (  0,  -2,   2)  1.3637   ( 0.000, -5.740,  0.000)  5.740 
J_iso:  1.3637 
----------------------------------------------------------------------------------------
   Fe1   Fe1   (  0,   2,  -2)  1.3637   ( 0.000,  5.740,  0.000)  5.740 
J_iso:  1.3637 
----------------------------------------------------------------------------------------
   Fe1   Fe1   (  2,  -2,   0) 20.7594   ( 5.740,  0.000,  0.000)  5.740 
J_iso: 20.7594 
----------------------------------------------------------------------------------------
   Fe1   Fe1   (  2,   0,   2) 20.8515   ( 0.000,  0.000,  5.740)  5.740 
J_iso: 20.8515 
----------------------------------------------------------------------------------------
   Fe1   Fe1   ( -2,  -1,   0)  8.3357   (-1.435, -4.305, -4.305)  6.255 
J_iso:  8.3357 
----------------------------------------------------------------------------------------
   Fe1   Fe1   ( -2,   0,   1)  8.2464   (-4.305, -4.305, -1.435)  6.255 
J_iso:  8.2464 
----------------------------------------------------------------------------------------
   Fe1   Fe1   ( -1,  -2,   0) -1.3410   ( 1.435, -4.305, -4.305)  6.255 
J_iso: -1.3410 
----------------------------------------------------------------------------------------
   Fe1   Fe1   ( -1,   0,   2) -1.5938   (-4.305, -4.305,  1.435)  6.255 
J_iso: -1.5938 
----------------------------------------------------------------------------------------
   Fe1   Fe1   (  0,  -2,  -1) -5.8683   ( 4.305, -1.435, -4.305)  6.255 
J_iso: -5.8683 
----------------------------------------------------------------------------------------
   Fe1   Fe1   (  0,  -1,  -2) -5.8277   ( 4.305,  1.435, -4.305)  6.255 
J_iso: -5.8277 
----------------------------------------------------------------------------------------
   Fe1   Fe1   (  0,   1,   2) -5.8277   (-4.305, -1.435,  4.305)  6.255 
J_iso: -5.8277 
----------------------------------------------------------------------------------------
   Fe1   Fe1   (  0,   2,   1) -5.8683   (-4.305,  1.435,  4.305)  6.255 
J_iso: -5.8683 
----------------------------------------------------------------------------------------
   Fe1   Fe1   (  1,   0,  -2) -1.5938   ( 4.305,  4.305, -1.435)  6.255 
J_iso: -1.5938 
----------------------------------------------------------------------------------------
   Fe1   Fe1   (  1,   2,   0) -1.3410   (-1.435,  4.305,  4.305)  6.255 
J_iso: -1.3410 
----------------------------------------------------------------------------------------
   Fe1   Fe1   (  2,   0,  -1)  8.2464   ( 4.305,  4.305,  1.435)  6.255 
J_iso:  8.2464 
----------------------------------------------------------------------------------------
   Fe1   Fe1   (  2,   1,   0)  8.3357   ( 1.435,  4.305,  4.305)  6.255 
J_iso:  8.3357 
----------------------------------------------------------------------------------------
   Fe1   Fe1   ( -2,  -1,  -1) -1.1142   ( 0.000, -2.870, -5.740)  6.417 
J_iso: -1.1142 
----------------------------------------------------------------------------------------
   Fe1   Fe1   ( -2,   1,   1) -1.4652   (-5.740, -2.870,  0.000)  6.417 
J_iso: -1.4652 
----------------------------------------------------------------------------------------
   Fe1   Fe1   ( -1,  -2,   1) -5.4685   ( 0.000, -5.740, -2.870)  6.417 
J_iso: -5.4685 
----------------------------------------------------------------------------------------
   Fe1   Fe1   ( -1,  -1,  -2) -3.2579   ( 2.870,  0.000, -5.740)  6.417 
J_iso: -3.2579 
----------------------------------------------------------------------------------------
   Fe1   Fe1   ( -1,  -1,   2) -5.3005   (-2.870, -5.740,  0.000)  6.417 
J_iso: -5.3005 
----------------------------------------------------------------------------------------
   Fe1   Fe1   ( -1,   2,   1) -2.9041   (-5.740,  0.000,  2.870)  6.417 
J_iso: -2.9041 
----------------------------------------------------------------------------------------
   Fe1   Fe1   (  1,  -2,  -1) -2.9041   ( 5.740,  0.000, -2.870)  6.417 
J_iso: -2.9041 
----------------------------------------------------------------------------------------
   Fe1   Fe1   (  1,   1,  -2) -5.3005   ( 2.870,  5.740,  0.000)  6.417 
J_iso: -5.3005 
----------------------------------------------------------------------------------------
   Fe1   Fe1   (  1,   1,   2) -3.2579   (-2.870,  0.000,  5.740)  6.417 
J_iso: -3.2579 
----------------------------------------------------------------------------------------
   Fe1   Fe1   (  1,   2,  -1) -5.4685   ( 0.000,  5.740,  2.870)  6.417 
J_iso: -5.4685 
----------------------------------------------------------------------------------------
   Fe1   Fe1   (  2,  -1,  -1) -1.4652   ( 5.740,  2.870,  0.000)  6.417 
J_iso: -1.4652 
----------------------------------------------------------------------------------------
   Fe1   Fe1   (  2,   1,   1) -1.1142   ( 0.000,  2.870,  5.740)  6.417 
J_iso: -1.1142 
----------------------------------------------------------------------------------------
   Fe1   Fe1   ( -2,  -1,   1)  8.6584   (-2.870, -5.740, -2.870)  7.030 
J_iso:  8.6584 
----------------------------------------------------------------------------------------
   Fe1   Fe1   ( -1,  -2,  -1) -1.3966   ( 2.870, -2.870, -5.740)  7.030 
J_iso: -1.3966 
----------------------------------------------------------------------------------------
   Fe1   Fe1   ( -1,   1,   2) -1.2423   (-5.740, -2.870,  2.870)  7.030 
J_iso: -1.2423 
----------------------------------------------------------------------------------------
   Fe1   Fe1   (  1,  -1,  -2) -1.2423   ( 5.740,  2.870, -2.870)  7.030 
J_iso: -1.2423 
----------------------------------------------------------------------------------------
   Fe1   Fe1   (  1,   2,   1) -1.3966   (-2.870,  2.870,  5.740)  7.030 
J_iso: -1.3966 
----------------------------------------------------------------------------------------
   Fe1   Fe1   (  2,   1,  -1)  8.6584   ( 2.870,  5.740,  2.870)  7.030 
J_iso:  8.6584 
----------------------------------------------------------------------------------------
   Fe1   Fe1   ( -2,  -1,  -2)  6.2952   ( 1.435, -1.435, -7.175)  7.456 
J_iso:  6.2952 
----------------------------------------------------------------------------------------
   Fe1   Fe1   (  2,   1,   2)  6.2952   (-1.435,  1.435,  7.175)  7.456 
J_iso:  6.2952 
----------------------------------------------------------------------------------------
   Fe1   Fe1   ( -2,   2,   1)  7.1519   (-7.175, -1.435,  1.435)  7.456 
J_iso:  7.1519 
----------------------------------------------------------------------------------------
   Fe1   Fe1   ( -1,  -2,   2) 14.6266   (-1.435, -7.175, -1.435)  7.456 
J_iso: 14.6266 
----------------------------------------------------------------------------------------
   Fe1   Fe1   (  1,   2,  -2) 14.6266   ( 1.435,  7.175,  1.435)  7.456 
J_iso: 14.6266 
----------------------------------------------------------------------------------------
   Fe1   Fe1   (  2,  -2,  -1)  7.1519   ( 7.175,  1.435, -1.435)  7.456 
J_iso:  7.1519 
----------------------------------------------------------------------------------------
   Fe1   Fe1   ( -2,  -2,   0)  6.3534   ( 0.000, -5.740, -5.740)  8.118 
J_iso:  6.3534 
----------------------------------------------------------------------------------------
   Fe1   Fe1   ( -2,   0,   2)  6.1680   (-5.740, -5.740,  0.000)  8.118 
J_iso:  6.1680 
----------------------------------------------------------------------------------------
   Fe1   Fe1   (  0,  -2,  -2)  3.2044   ( 5.740,  0.000, -5.740)  8.118 
J_iso:  3.2044 
----------------------------------------------------------------------------------------
   Fe1   Fe1   (  0,   2,   2)  3.2044   (-5.740,  0.000,  5.740)  8.118 
J_iso:  3.2044 
----------------------------------------------------------------------------------------
   Fe1   Fe1   (  2,   0,  -2)  6.1680   ( 5.740,  5.740,  0.000)  8.118 
J_iso:  6.1680 
----------------------------------------------------------------------------------------
   Fe1   Fe1   (  2,   2,   0)  6.3534   ( 0.000,  5.740,  5.740)  8.118 
J_iso:  6.3534 
----------------------------------------------------------------------------------------
   Fe1   Fe1   ( -2,  -2,  -1) -1.3960   ( 1.435, -4.305, -7.175)  8.490 
J_iso: -1.3960 
----------------------------------------------------------------------------------------
   Fe1   Fe1   ( -2,  -2,   1) -10.5823   (-1.435, -7.175, -4.305)  8.490 
J_iso: -10.5823 
----------------------------------------------------------------------------------------
   Fe1   Fe1   ( -2,  -1,   2) -10.8985   (-4.305, -7.175, -1.435)  8.490 
J_iso: -10.8985 
----------------------------------------------------------------------------------------
   Fe1   Fe1   ( -2,   1,   2) -1.2641   (-7.175, -4.305,  1.435)  8.490 
J_iso: -1.2641 
----------------------------------------------------------------------------------------
   Fe1   Fe1   ( -1,  -2,  -2) -5.2726   ( 4.305, -1.435, -7.175)  8.490 
J_iso: -5.2726 
----------------------------------------------------------------------------------------
   Fe1   Fe1   ( -1,   2,   2) -5.7960   (-7.175, -1.435,  4.305)  8.490 
J_iso: -5.7960 
----------------------------------------------------------------------------------------
   Fe1   Fe1   (  1,  -2,  -2) -5.7960   ( 7.175,  1.435, -4.305)  8.490 
J_iso: -5.7960 
----------------------------------------------------------------------------------------
   Fe1   Fe1   (  1,   2,   2) -5.2726   (-4.305,  1.435,  7.175)  8.490 
J_iso: -5.2726 
----------------------------------------------------------------------------------------
   Fe1   Fe1   (  2,  -1,  -2) -1.2641   ( 7.175,  4.305, -1.435)  8.490 
J_iso: -1.2641 
----------------------------------------------------------------------------------------
   Fe1   Fe1   (  2,   1,  -2) -10.8985   ( 4.305,  7.175,  1.435)  8.490 
J_iso: -10.8985 
----------------------------------------------------------------------------------------
   Fe1   Fe1   (  2,   2,  -1) -10.5823   ( 1.435,  7.175,  4.305)  8.490 
J_iso: -10.5823 
----------------------------------------------------------------------------------------
   Fe1   Fe1   (  2,   2,   1) -1.3960   (-1.435,  4.305,  7.175)  8.490 
J_iso: -1.3960 
----------------------------------------------------------------------------------------
   Fe1   Fe1   ( -2,  -2,  -2)  8.0109   ( 2.870, -2.870, -8.610)  9.519 
J_iso:  8.0109 
----------------------------------------------------------------------------------------
   Fe1   Fe1   ( -2,  -2,   2)  8.5445   (-2.870, -8.610, -2.870)  9.519 
J_iso:  8.5445 
----------------------------------------------------------------------------------------
   Fe1   Fe1   ( -2,   2,   2)  8.2190   (-8.610, -2.870,  2.870)  9.519 
J_iso:  8.2190 
----------------------------------------------------------------------------------------
   Fe1   Fe1   (  2,  -2,  -2)  8.2190   ( 8.610,  2.870, -2.870)  9.519 
J_iso:  8.2190 
----------------------------------------------------------------------------------------
   Fe1   Fe1   (  2,   2,  -2)  8.5445   ( 2.870,  8.610,  2.870)  9.519 
J_iso:  8.5445 
----------------------------------------------------------------------------------------
   Fe1   Fe1   (  2,   2,   2)  8.0109   (-2.870,  2.870,  8.610)  9.519 
J_iso:  8.0109 
